<?xml version="1.0" encoding="UTF-8"?>
<!-- Generated by org.testng.reporters.JUnitReportReporter -->
<testsuite hostname="Jose" failures="0" tests="2" name="actionsMETHOD.Actions" time="15.773" errors="0" timestamp="2022-06-02T16:11:42 IST" skipped="0">
  <testcase classname="actionsMETHOD.Actions" name="registration" time="12.894"/>
  <system-out/>
  <testcase classname="actionsMETHOD.Actions" name="launch" time="2.879"/>
  <system-out/>
</testsuite> <!-- actionsMETHOD.Actions -->
