<?xml version="1.0" encoding="UTF-8"?>
<!-- Generated by org.testng.reporters.JUnitReportReporter -->
<testsuite hostname="Jose" failures="0" tests="1" name="frames.Frames" time="15.326" errors="0" timestamp="2022-06-06T23:27:04 IST" skipped="0">
  <testcase classname="frames.Frames" name="registration" time="15.326"/>
  <system-out/>
</testsuite> <!-- frames.Frames -->
