<?xml version="1.0" encoding="UTF-8"?>
<!-- Generated by org.testng.reporters.JUnitReportReporter -->
<testsuite hostname="Jose" failures="0" tests="1" name="implicitExplicitWait.ImplicitExplicitWait" time="9.292" errors="0" timestamp="2022-06-02T13:12:52 IST" skipped="0">
  <testcase classname="implicitExplicitWait.ImplicitExplicitWait" name="registration" time="9.292"/>
  <system-out/>
</testsuite> <!-- implicitExplicitWait.ImplicitExplicitWait -->
