<?xml version="1.0" encoding="UTF-8"?>
<!-- Generated by org.testng.reporters.JUnitReportReporter -->
<testsuite hostname="Jose" failures="0" tests="3" name="actionsMETHOD.ActionsMethod" time="79.708" errors="0" timestamp="2022-06-02T23:15:12 IST" skipped="0">
  <testcase classname="actionsMETHOD.ActionsMethod" name="registration" time="57.712"/>
  <system-out/>
  <testcase classname="actionsMETHOD.ActionsMethod" name="dragg" time="14.656"/>
  <system-out/>
  <testcase classname="actionsMETHOD.ActionsMethod" name="dropp" time="7.340"/>
  <system-out/>
</testsuite> <!-- actionsMETHOD.ActionsMethod -->
